{"contracts\\IServiceLocator.sol":{"l":{},"path":"C:\\Projects\\Toolblox.Audit\\Toolblox.Token\\contracts\\IServiceLocator.sol","s":{},"b":{},"f":{},"fnMap":{},"statementMap":{},"branchMap":{}},"contracts\\Lock.sol":{"l":{"14":0,"19":0,"20":0,"27":0,"28":0,"30":0,"32":0},"path":"C:\\Projects\\Toolblox.Audit\\Toolblox.Token\\contracts\\Lock.sol","s":{"1":0,"2":0,"3":0,"4":0,"5":0},"b":{"1":[0,0],"2":[0,0],"3":[0,0]},"f":{"1":0,"2":0},"fnMap":{"1":{"name":"constructor","line":13,"loc":{"start":{"line":13,"column":4},"end":{"line":21,"column":4}}},"2":{"name":"withdraw","line":23,"loc":{"start":{"line":23,"column":4},"end":{"line":33,"column":4}}}},"statementMap":{"1":{"start":{"line":14,"column":8},"end":{"line":14,"column":327}},"2":{"start":{"line":27,"column":8},"end":{"line":27,"column":71}},"3":{"start":{"line":28,"column":8},"end":{"line":28,"column":59}},"4":{"start":{"line":30,"column":8},"end":{"line":30,"column":63}},"5":{"start":{"line":32,"column":8},"end":{"line":32,"column":44}}},"branchMap":{"1":{"line":14,"type":"if","locations":[{"start":{"line":14,"column":8},"end":{"line":14,"column":8}},{"start":{"line":14,"column":8},"end":{"line":14,"column":8}}]},"2":{"line":27,"type":"if","locations":[{"start":{"line":27,"column":8},"end":{"line":27,"column":8}},{"start":{"line":27,"column":8},"end":{"line":27,"column":8}}]},"3":{"line":28,"type":"if","locations":[{"start":{"line":28,"column":8},"end":{"line":28,"column":8}},{"start":{"line":28,"column":8},"end":{"line":28,"column":8}}]}}},"contracts\\NonTransferrableERC721.sol":{"l":{"10":0,"11":0},"path":"C:\\Projects\\Toolblox.Audit\\Toolblox.Token\\contracts\\NonTransferrableERC721.sol","s":{"1":0,"2":0},"b":{"1":[0,0]},"f":{"1":0,"2":0},"fnMap":{"1":{"name":"constructor","line":7,"loc":{"start":{"line":7,"column":4},"end":{"line":7,"column":84}}},"2":{"name":"_beforeTokenTransfer","line":8,"loc":{"start":{"line":8,"column":4},"end":{"line":12,"column":4}}}},"statementMap":{"1":{"start":{"line":10,"column":8},"end":{"line":10,"column":60}},"2":{"start":{"line":11,"column":8},"end":{"line":11,"column":63}}},"branchMap":{"1":{"line":10,"type":"if","locations":[{"start":{"line":10,"column":8},"end":{"line":10,"column":8}},{"start":{"line":10,"column":8},"end":{"line":10,"column":8}}]}}},"contracts\\TixToken.sol":{"l":{"22":0,"23":0,"24":0,"25":0,"29":0,"30":0,"35":0,"36":0,"39":0,"40":0,"42":0,"43":0,"44":0,"47":0,"48":0,"51":0,"54":0,"55":0,"58":0,"59":0,"60":0,"64":0,"65":0,"66":0,"71":0,"81":0,"82":0,"86":0,"87":0,"88":0,"89":0,"90":0,"91":0,"96":0,"97":0,"98":0,"101":0,"105":0},"path":"C:\\Projects\\Toolblox.Audit\\Toolblox.Token\\contracts\\TixToken.sol","s":{"1":0,"2":0,"3":0,"4":0,"5":0,"6":0,"7":0,"8":0,"9":0,"10":0,"11":0,"12":0,"13":0,"14":0,"15":0,"16":0,"17":0,"18":0,"19":0,"20":0,"21":0,"22":0,"23":0,"24":0,"25":0,"26":0,"27":0,"28":0,"29":0,"30":0,"31":0,"32":0,"33":0,"34":0},"b":{"1":[0,0],"2":[0,0],"3":[0,0],"4":[0,0],"5":[0,0],"6":[0,0],"7":[0,0],"8":[0,0],"9":[0,0],"10":[0,0]},"f":{"1":0,"2":0,"3":0,"4":0,"5":0,"6":0,"7":0,"8":0,"9":0},"fnMap":{"1":{"name":"constructor","line":21,"loc":{"start":{"line":21,"column":1},"end":{"line":26,"column":1}}},"2":{"name":"setRegistrationFee","line":28,"loc":{"start":{"line":28,"column":1},"end":{"line":31,"column":1}}},"3":{"name":"registerService","line":33,"loc":{"start":{"line":33,"column":1},"end":{"line":61,"column":1}}},"4":{"name":"computeAddress","line":63,"loc":{"start":{"line":63,"column":1},"end":{"line":67,"column":1}}},"5":{"name":"deploy","line":69,"loc":{"start":{"line":69,"column":1},"end":{"line":77,"column":4}}},"6":{"name":"_registerService","line":79,"loc":{"start":{"line":79,"column":1},"end":{"line":83,"column":1}}},"7":{"name":"registerServices","line":85,"loc":{"start":{"line":85,"column":1},"end":{"line":93,"column":1}}},"8":{"name":"areServicesRegistered","line":95,"loc":{"start":{"line":95,"column":1},"end":{"line":102,"column":1}}},"9":{"name":"getService","line":104,"loc":{"start":{"line":104,"column":1},"end":{"line":106,"column":1}}}},"statementMap":{"1":{"start":{"line":22,"column":2},"end":{"line":22,"column":31}},"2":{"start":{"line":23,"column":2},"end":{"line":23,"column":35}},"3":{"start":{"line":24,"column":2},"end":{"line":24,"column":29}},"4":{"start":{"line":25,"column":2},"end":{"line":25,"column":29}},"5":{"start":{"line":29,"column":2},"end":{"line":29,"column":93}},"6":{"start":{"line":35,"column":2},"end":{"line":35,"column":31}},"7":{"start":{"line":36,"column":2},"end":{"line":36,"column":1321}},"8":{"start":{"line":39,"column":3},"end":{"line":39,"column":98}},"9":{"start":{"line":40,"column":3},"end":{"line":40,"column":46}},"10":{"start":{"line":42,"column":2},"end":{"line":42,"column":54}},"11":{"start":{"line":43,"column":2},"end":{"line":43,"column":51}},"12":{"start":{"line":44,"column":2},"end":{"line":44,"column":120}},"13":{"start":{"line":48,"column":2},"end":{"line":48,"column":96}},"14":{"start":{"line":51,"column":2},"end":{"line":51,"column":59}},"15":{"start":{"line":54,"column":2},"end":{"line":54,"column":83}},"16":{"start":{"line":55,"column":2},"end":{"line":55,"column":70}},"17":{"start":{"line":58,"column":2},"end":{"line":58,"column":91}},"18":{"start":{"line":59,"column":2},"end":{"line":59,"column":40}},"19":{"start":{"line":60,"column":2},"end":{"line":60,"column":20}},"20":{"start":{"line":64,"column":2},"end":{"line":64,"column":41}},"21":{"start":{"line":65,"column":2},"end":{"line":65,"column":96}},"22":{"start":{"line":66,"column":2},"end":{"line":66,"column":43}},"23":{"start":{"line":82,"column":2},"end":{"line":82,"column":49}},"24":{"start":{"line":86,"column":2},"end":{"line":86,"column":111}},"25":{"start":{"line":87,"column":2},"end":{"line":87,"column":73}},"26":{"start":{"line":88,"column":2},"end":{"line":88,"column":3692}},"27":{"start":{"line":89,"column":3},"end":{"line":89,"column":26}},"28":{"start":{"line":90,"column":3},"end":{"line":90,"column":61}},"29":{"start":{"line":91,"column":3},"end":{"line":91,"column":86}},"30":{"start":{"line":96,"column":2},"end":{"line":96,"column":4054}},"31":{"start":{"line":97,"column":3},"end":{"line":97,"column":4101}},"32":{"start":{"line":98,"column":4},"end":{"line":98,"column":16}},"33":{"start":{"line":101,"column":2},"end":{"line":101,"column":13}},"34":{"start":{"line":105,"column":2},"end":{"line":105,"column":37}}},"branchMap":{"1":{"line":29,"type":"if","locations":[{"start":{"line":29,"column":2},"end":{"line":29,"column":2}},{"start":{"line":29,"column":2},"end":{"line":29,"column":2}}]},"2":{"line":36,"type":"if","locations":[{"start":{"line":36,"column":2},"end":{"line":36,"column":2}},{"start":{"line":36,"column":2},"end":{"line":36,"column":2}}]},"3":{"line":39,"type":"if","locations":[{"start":{"line":39,"column":3},"end":{"line":39,"column":3}},{"start":{"line":39,"column":3},"end":{"line":39,"column":3}}]},"4":{"line":44,"type":"if","locations":[{"start":{"line":44,"column":2},"end":{"line":44,"column":2}},{"start":{"line":44,"column":2},"end":{"line":44,"column":2}}]},"5":{"line":44,"type":"cond-expr","locations":[{"start":{"line":44,"column":10},"end":{"line":44,"column":35}},{"start":{"line":44,"column":40},"end":{"line":44,"column":61}}]},"6":{"line":55,"type":"if","locations":[{"start":{"line":55,"column":2},"end":{"line":55,"column":2}},{"start":{"line":55,"column":2},"end":{"line":55,"column":2}}]},"7":{"line":59,"type":"if","locations":[{"start":{"line":59,"column":2},"end":{"line":59,"column":2}},{"start":{"line":59,"column":2},"end":{"line":59,"column":2}}]},"8":{"line":86,"type":"if","locations":[{"start":{"line":86,"column":2},"end":{"line":86,"column":2}},{"start":{"line":86,"column":2},"end":{"line":86,"column":2}}]},"9":{"line":87,"type":"if","locations":[{"start":{"line":87,"column":2},"end":{"line":87,"column":2}},{"start":{"line":87,"column":2},"end":{"line":87,"column":2}}]},"10":{"line":97,"type":"if","locations":[{"start":{"line":97,"column":3},"end":{"line":97,"column":3}},{"start":{"line":97,"column":3},"end":{"line":97,"column":3}}]}}},"contracts\\WorkflowBase.sol":{"l":{"9":0,"10":0,"13":0,"14":0,"15":0,"16":0,"18":0,"19":0,"21":0,"22":0,"23":0,"24":0,"25":0,"27":0,"30":0,"31":0,"32":0,"33":0,"34":0,"35":0,"37":0,"40":0,"43":0,"44":0,"45":0,"47":0,"48":0,"49":0,"50":0,"51":0,"55":0,"56":0,"57":0,"61":0,"64":0,"65":0,"68":0,"69":0},"path":"C:\\Projects\\Toolblox.Audit\\Toolblox.Token\\contracts\\WorkflowBase.sol","s":{"1":0,"2":0,"3":0,"4":0,"5":0,"6":0,"7":0,"8":0,"9":0,"10":0,"11":0,"12":0,"13":0,"14":0,"15":0,"16":0,"17":0,"18":0,"19":0,"20":0,"21":0,"22":0,"23":0,"24":0,"25":0,"26":0,"27":0},"b":{"1":[0,0],"2":[0,0],"3":[0,0],"4":[0,0],"5":[0,0],"6":[0,0],"7":[0,0],"8":[0,0],"9":[0,0]},"f":{"1":0,"2":0,"3":0,"4":0,"5":0,"6":0,"7":0,"8":0},"fnMap":{"1":{"name":"_getNextId","line":8,"loc":{"start":{"line":8,"column":1},"end":{"line":11,"column":1}}},"2":{"name":"getLatestIds","line":12,"loc":{"start":{"line":12,"column":1},"end":{"line":28,"column":1}}},"3":{"name":"getPageIds","line":29,"loc":{"start":{"line":29,"column":1},"end":{"line":38,"column":1}}},"4":{"name":"addFkMappingItem","line":39,"loc":{"start":{"line":39,"column":1},"end":{"line":41,"column":1}}},"5":{"name":"removeFkMappingItem","line":42,"loc":{"start":{"line":42,"column":1},"end":{"line":59,"column":1}}},"6":{"name":"toString","line":60,"loc":{"start":{"line":60,"column":1},"end":{"line":62,"column":1}}},"7":{"name":"safeTransferFromExternal","line":63,"loc":{"start":{"line":63,"column":1},"end":{"line":66,"column":1}}},"8":{"name":"safeTransferExternal","line":67,"loc":{"start":{"line":67,"column":1},"end":{"line":70,"column":1}}}},"statementMap":{"1":{"start":{"line":10,"column":2},"end":{"line":10,"column":14}},"2":{"start":{"line":13,"column":2},"end":{"line":13,"column":25}},"3":{"start":{"line":14,"column":2},"end":{"line":14,"column":23}},"4":{"start":{"line":15,"column":2},"end":{"line":15,"column":503}},"5":{"start":{"line":18,"column":2},"end":{"line":18,"column":563}},"6":{"start":{"line":19,"column":3},"end":{"line":19,"column":26}},"7":{"start":{"line":21,"column":2},"end":{"line":21,"column":49}},"8":{"start":{"line":22,"column":2},"end":{"line":22,"column":25}},"9":{"start":{"line":23,"column":2},"end":{"line":23,"column":722}},"10":{"start":{"line":27,"column":2},"end":{"line":27,"column":18}},"11":{"start":{"line":30,"column":2},"end":{"line":30,"column":55}},"12":{"start":{"line":31,"column":2},"end":{"line":31,"column":17}},"13":{"start":{"line":32,"column":2},"end":{"line":32,"column":1028}},"14":{"start":{"line":37,"column":2},"end":{"line":37,"column":20}},"15":{"start":{"line":40,"column":2},"end":{"line":40,"column":33}},"16":{"start":{"line":43,"column":2},"end":{"line":43,"column":48}},"17":{"start":{"line":44,"column":2},"end":{"line":44,"column":23}},"18":{"start":{"line":45,"column":2},"end":{"line":45,"column":24}},"19":{"start":{"line":47,"column":2},"end":{"line":47,"column":1578}},"20":{"start":{"line":48,"column":3},"end":{"line":48,"column":1628}},"21":{"start":{"line":55,"column":2},"end":{"line":55,"column":1784}},"22":{"start":{"line":57,"column":3},"end":{"line":57,"column":17}},"23":{"start":{"line":61,"column":2},"end":{"line":61,"column":32}},"24":{"start":{"line":64,"column":2},"end":{"line":64,"column":102}},"25":{"start":{"line":65,"column":2},"end":{"line":65,"column":120}},"26":{"start":{"line":68,"column":2},"end":{"line":68,"column":96}},"27":{"start":{"line":69,"column":2},"end":{"line":69,"column":116}}},"branchMap":{"1":{"line":15,"type":"if","locations":[{"start":{"line":15,"column":2},"end":{"line":15,"column":2}},{"start":{"line":15,"column":2},"end":{"line":15,"column":2}}]},"2":{"line":18,"type":"if","locations":[{"start":{"line":18,"column":2},"end":{"line":18,"column":2}},{"start":{"line":18,"column":2},"end":{"line":18,"column":2}}]},"3":{"line":18,"type":"cond-expr","locations":[{"start":{"line":18,"column":6},"end":{"line":18,"column":24}},{"start":{"line":18,"column":29},"end":{"line":18,"column":39}}]},"4":{"line":48,"type":"if","locations":[{"start":{"line":48,"column":3},"end":{"line":48,"column":3}},{"start":{"line":48,"column":3},"end":{"line":48,"column":3}}]},"5":{"line":55,"type":"if","locations":[{"start":{"line":55,"column":2},"end":{"line":55,"column":2}},{"start":{"line":55,"column":2},"end":{"line":55,"column":2}}]},"6":{"line":65,"type":"if","locations":[{"start":{"line":65,"column":2},"end":{"line":65,"column":2}},{"start":{"line":65,"column":2},"end":{"line":65,"column":2}}]},"7":{"line":65,"type":"cond-expr","locations":[{"start":{"line":65,"column":22},"end":{"line":65,"column":37}},{"start":{"line":65,"column":42},"end":{"line":65,"column":65}}]},"8":{"line":69,"type":"if","locations":[{"start":{"line":69,"column":2},"end":{"line":69,"column":2}},{"start":{"line":69,"column":2},"end":{"line":69,"column":2}}]},"9":{"line":69,"type":"cond-expr","locations":[{"start":{"line":69,"column":22},"end":{"line":69,"column":37}},{"start":{"line":69,"column":42},"end":{"line":69,"column":65}}]}}}}